[debug] ----------------------------------------------------------------------
[debug] Command:      /usr/local/bin/node /usr/local/bin/firebase deploy
[debug] CLI Version:  3.7.0
[debug] Platform:     darwin
[debug] Node Version: v6.10.2
[debug] Time:         Tue May 16 2017 22:52:57 GMT-0600 (MDT)
[debug] ----------------------------------------------------------------------
[debug] 
[debug] > command requires scopes: ["email","openid","https://www.googleapis.com/auth/cloudplatformprojects.readonly","https://www.googleapis.com/auth/firebase","https://www.googleapis.com/auth/cloud-platform"]
[debug] > refreshing access token with scopes: ["email","https://www.googleapis.com/auth/cloud-platform","https://www.googleapis.com/auth/cloudplatformprojects.readonly","https://www.googleapis.com/auth/firebase","openid"]
[debug] >>> HTTP REQUEST POST https://www.googleapis.com/oauth2/v3/token { refresh_token: '1/JDfQDhUNakNBMaFDXUDSaR5axrKy7YnOL-7PmvrO3uM',
  client_id: '563584335869-fgrhgmd47bqnekij5i8b5pr03ho849e6.apps.googleusercontent.com',
  client_secret: 'j9iVZfS8kkCEFUPaAeJV0sAi',
  grant_type: 'refresh_token',
  scope: 'email https://www.googleapis.com/auth/cloud-platform https://www.googleapis.com/auth/cloudplatformprojects.readonly https://www.googleapis.com/auth/firebase openid' } 
 Tue May 16 2017 22:52:57 GMT-0600 (MDT)
[debug] <<< HTTP RESPONSE 200
[debug] >>> HTTP REQUEST GET https://admin.firebase.com/v1/projects/global-earthquake-tracke-9d45a  
 Tue May 16 2017 22:52:57 GMT-0600 (MDT)
[debug] <<< HTTP RESPONSE 200
[debug] >>> HTTP REQUEST GET https://admin.firebase.com/v1/database/global-earthquake-tracke-9d45a/tokens  
 Tue May 16 2017 22:52:57 GMT-0600 (MDT)
[debug] <<< HTTP RESPONSE 200
[info] 
[info] === Deploying to 'global-earthquake-tracke-9d45a'...
[info] 
[info] i  deploying hosting
[info] i  hosting: preparing . directory for upload...
[debug] >>> HTTP REQUEST PUT https://deploy.firebase.com/v1/hosting/global-earthquake-tracke-9d45a/uploads/-KkJk6vz4k-d2SSuwlZI?fileCount=118&message=  
 Tue May 16 2017 22:53:02 GMT-0600 (MDT)
